<?xml version="1.0" encoding="UTF-8"?>
<!-- Generated by org.testng.reporters.JUnitReportReporter -->
<testsuite hostname="Dulsi-Alwin-Laptop" failures="0" tests="1" name="testNGImplementation.CreateOrganisationTest" time="48.006" errors="0" timestamp="2022-12-02T13:09:11 EST" skipped="0">
  <testcase classname="testNGImplementation.CreateOrganisationTest" name="createOrganizationTest" time="48.006"/>
  <system-out/>
</testsuite> <!-- testNGImplementation.CreateOrganisationTest -->
