<?xml version="1.0" encoding="UTF-8"?>
<!-- Generated by org.testng.reporters.JUnitReportReporter -->
<testsuite hostname="Dulsi-Alwin-Laptop" failures="0" tests="1" name="testNGImplementation.CreateNewLeadTest" time="14.112" errors="0" timestamp="2022-11-30T17:04:16 EST" skipped="0">
  <testcase classname="testNGImplementation.CreateNewLeadTest" name="CteateNewLead" time="14.112"/>
  <system-out/>
</testsuite> <!-- testNGImplementation.CreateNewLeadTest -->
