<?xml version="1.0" encoding="UTF-8"?>
<!-- Generated by org.testng.reporters.JUnitReportReporter -->
<testsuite hostname="Dulsi-Alwin-Laptop" failures="0" tests="1" name="testNGImplementation.Testing" time="0.012" errors="0" timestamp="2022-12-01T14:02:33 EST" skipped="0">
  <testcase classname="testNGImplementation.Testing" name="testt1" time="0.012"/>
  <system-out/>
</testsuite> <!-- testNGImplementation.Testing -->
