<?xml version="1.0" encoding="UTF-8"?>
<!-- Generated by org.testng.reporters.JUnitReportReporter -->
<testsuite hostname="Dulsi-Alwin-Laptop" failures="0" tests="2" name="testNGImplementation.DataProviderCreateOrgTest" time="26.878" errors="0" timestamp="2022-12-05T11:14:31 EST" skipped="0">
  <testcase classname="testNGImplementation.DataProviderCreateOrgTest" name="createOrganizationTest" time="14.406"/>
  <system-out/>
  <testcase classname="testNGImplementation.DataProviderCreateOrgTest" name="createOrganizationTest" time="12.472"/>
  <system-out/>
</testsuite> <!-- testNGImplementation.DataProviderCreateOrgTest -->
