<?xml version="1.0" encoding="UTF-8"?>
<!-- Generated by org.testng.reporters.JUnitReportReporter -->
<testsuite hostname="Dulsi-Alwin-Laptop" failures="0" tests="1" name="testNGImplementation.CreateNewContactTest" time="12.957" errors="0" timestamp="2022-11-30T17:05:24 EST" skipped="0">
  <testcase classname="testNGImplementation.CreateNewContactTest" name="CreateNewContact" time="12.957"/>
  <system-out/>
</testsuite> <!-- testNGImplementation.CreateNewContactTest -->
